<?xml version="1.0" encoding="utf-8" standalone="no"?>
<!--This file represents the results of running a test suite-->
<test-results name="C:\Users\steen\projects\test\CowiUnitTest\CowiUnitTest\bin\Debug\CowiUnitTest.exe" total="1" errors="0" failures="1" not-run="0" inconclusive="0" ignored="0" skipped="0" invalid="0" date="2014-03-08" time="06:31:08">
  <environment nunit-version="2.6.3.13283" clr-version="2.0.50727.8000" os-version="Microsoft Windows NT 6.2.9200.0" platform="Win32NT" cwd="C:\Users\steen\projects\test\CowiUnitTest\packages\NUnit.Runners.2.6.3\tools" machine-name="FUJISAN" user="steen" user-domain="fujisan" />
  <culture-info current-culture="da-DK" current-uiculture="en-GB" />
  <test-suite type="Assembly" name="C:\Users\steen\projects\test\CowiUnitTest\CowiUnitTest\bin\Debug\CowiUnitTest.exe" executed="True" result="Failure" success="False" time="0.082" asserts="0">
    <results>
      <test-suite type="Namespace" name="CowiUnitTest" executed="True" result="Failure" success="False" time="0.063" asserts="0">
        <results>
          <test-suite type="TestFixture" name="TestCircleAreaCalculater" executed="True" result="Failure" success="False" time="0.060" asserts="0">
            <results>
              <test-case name="CowiUnitTest.TestCircleAreaCalculater.CalculateAreaOfUnitCircleReturnsPi" executed="True" result="Failure" success="False" time="0.048" asserts="1">
                <failure>
                  <message><![CDATA[  Expected: 1.0d
  But was:  3.1415926535897931d
]]></message>
                  <stack-trace><![CDATA[at CowiUnitTest.TestCircleAreaCalculater.CalculateAreaOfUnitCircleReturnsPi() in c:\Users\steen\projects\test\CowiUnitTest\CowiUnitTest\Program.cs:line 34
]]></stack-trace>
                </failure>
              </test-case>
            </results>
          </test-suite>
        </results>
      </test-suite>
    </results>
  </test-suite>
</test-results>